<?xml version="1.0" encoding="UTF-8"?>
<!-- Generated by org.testng.reporters.JUnitReportReporter -->
<testsuite hostname="S11153" failures="0" tests="2" name="wrappers.Cukes" time="2.450" errors="0" timestamp="2019-11-14T03:33:39 SGT" skipped="0">
  <testcase classname="wrappers.Cukes" name="scenario" time="0.215"/>
  <testcase classname="wrappers.Cukes" name="scenario" time="2.235"/>
</testsuite> <!-- wrappers.Cukes -->
